import { registerInstance as __stencil_registerInstance } from "@stencil/core";
import { h } from "@stencil/core";
import { Editor } from '../../global/Memento/Editor';
import { EditorHistory } from '../../global/Memento/EditorHistory';
export const MementoPattern = class {
    constructor(hostRef) {
        __stencil_registerInstance(this, hostRef);
        this.editor = new Editor();
        this.history = new EditorHistory();
    }
    render() {
        return (h("div", null, h("h3", null, "Memento Pattern"), h("input", { placeholder: "Set Content", ref: el => this.userInput = el }), h("button", { class: "btn-large", onClick: () => this.setContent() }, "Set Content"), h("button", { class: "btn", onClick: () => this.undo() }, "Undo"), h("div", { ref: el => this.editorResult = el })));
    }
    setContent() {
        const state = this.editor.createState();
        this.history.push(state);
        this.editor.setContent(this.userInput.value);
        this.editorResult.innerHTML = this.userInput.value;
    }
    undo() {
        this.editor.restore(this.history.pop());
        const previousContent = this.editor.getContent();
        this.editorResult.innerHTML = previousContent;
    }
    static get style() { return "STYLE_TEXT_PLACEHOLDER:app-memento"; }
};
