import { registerInstance as __stencil_registerInstance } from "@stencil/core";
import { h } from "@stencil/core";
import { Canvas } from '../../global/State/Canvas';
import { PaintTool } from '../../global/State/PaintTool';
import { EraserTool } from '../../global/State/EraserTool';
export const StatePattern = class {
    constructor(hostRef) {
        __stencil_registerInstance(this, hostRef);
        this.canvas = new Canvas;
        this.paintTool = new PaintTool;
        this.eraserTool = new EraserTool;
    }
    render() {
        return (h("div", null, h("h3", null, "State Pattern"), h("h5", null, "Select tool"), h("button", { class: "btn-large", onClick: (e) => this.setTool(e) }, "Paint Tool"), h("button", { class: "btn-large", onClick: (e) => this.setTool(e) }, "Eraser Tool"), h("h5", null, "Draw in the canvas"), h("div", { ref: el => this.stateCanvas = el, id: "stateCanvas", onMouseDown: _ => this.onMouseDown(), onMouseUp: _ => this.onMouseUp() }, "Canvas"), h("h5", null, "What's going on in the canvas"), h("div", { ref: el => this.result = el })));
    }
    setTool(e) {
        const tool = e.target.innerText;
        if (tool === "Paint Tool") {
            this.canvas.setCurrentTool(this.paintTool);
        }
        else if (tool === "Eraser Tool") {
            this.canvas.setCurrentTool(this.eraserTool);
        }
    }
    onMouseDown() {
        const tool = this.canvas.getCurrentTool();
        if (tool) {
            const result = this.canvas.mouseDown();
            this.result.innerHTML = result;
        }
        else {
            alert("Please select tool.");
        }
    }
    onMouseUp() {
        const tool = this.canvas.getCurrentTool();
        if (tool) {
            const result = this.canvas.mouseUp();
            this.result.innerHTML = result;
        }
    }
    static get style() { return "STYLE_TEXT_PLACEHOLDER:app-state"; }
};
