import { registerInstance as __stencil_registerInstance } from "@stencil/core";
import { h } from "@stencil/core";
export const AppHome = class {
    constructor(hostRef) {
        __stencil_registerInstance(this, hostRef);
    }
    render() {
        return (h("div", { class: 'app-home', id: "home", onTouchEnd: e => this.scroll(e) }, h("button", { class: "btn" }, "Mememto")));
    }
    componentDidLoad() {
        // this.homepage.addEventListener('scroll', ()=>{ console.log("scroll")})
    }
    scroll(e) {
        if ((window.innerHeight + window.scrollY) >= document.body.offsetHeight) {
            // you're at the bottom of the page
            console.log("you're at the bottom of the page");
            this.addContents.innerHTML
                += `<div class="box1"></div>
      <div class="box1"></div>
      <div class="box1"></div>
      <div class="box1"></div>
      <div class="box1"></div>
      <div class="box1"></div>
      <div class="box1"></div>
      <div class="box1"></div>
      <div class="box1"></div>
      <div class="box1"></div>
      <div class="box1"></div>
      <div class="box1"></div>`;
            console.log(e);
        }
        // console.log(e);
        // var y = window.scrollY;
        // var y2 = window.pageYOffset;
        // var y3 = window.innerHeight;
        // var y4 = document.documentElement.clientHeight
        // var y5 = document.body.offsetHeight;
        // console.log(y, y2, y3, y4, y5);
    }
    static get style() { return "STYLE_TEXT_PLACEHOLDER:app-home"; }
};
