import { registerInstance as __stencil_registerInstance } from "@stencil/core";
import { h } from "@stencil/core";
import { rfidPlugin, rfidPluginObserver, checkRfidPlugin } from '../../global/Observer/ObservableObject';
export const Observer = class {
    constructor(hostRef) {
        __stencil_registerInstance(this, hostRef);
    }
    render() {
        return (h("div", { class: "margin20" }, h("h3", null, "Observer Pattern"), h("h6", { class: "grayHint" }, "- Allows a subscription mechanism to notify other objects when any events happen."), h("h6", { class: "grayHint" }, "- \uC774\uBCA4\uD2B8\uAC00 \uC0DD\uAE30\uBA74 \uD574\uB2F9 \uC774\uBCA4\uD2B8\uB97C \uAD6C\uB3C5\uD558\uACE0 \uC788\uB294 \uB2E4\uB978 \uAC1D\uCCB4\uC5D0\uAC8C \uC54C\uB824\uC8FC\uB294 \uC124\uACC4 \uD328\uD134\uC774\uB2E4."), h("h5", null, "Handle a plugin connection"), h("button", { class: "btn margin20", onClick: _ => this.connect() }, "Connect"), h("button", { class: "btn margin20", onClick: _ => this.disconnect() }, "Disconnect"), h("div", null, this.result_plugin)));
    }
    componentWillLoad() {
        rfidPluginObserver.listener((connection) => this.result_plugin = connection);
        // pluginConnection.listener(
        //   (connection) => this.result_plugin = connection
        // )
    }
    componentDidLoad() {
        rfidPlugin.addObserver(rfidPluginObserver);
        checkRfidPlugin();
        //checkConnection();
    }
    connect() {
        rfidPlugin.data = "Connected";
        //pluginConnection.fire("Connected");
    }
    disconnect() {
        rfidPlugin.data = "Disconnected";
        //pluginConnection.fire("Disconnected");
    }
    static get style() { return "STYLE_TEXT_PLACEHOLDER:app-observer"; }
};
