import { registerInstance as __stencil_registerInstance } from "@stencil/core";
import { h } from "@stencil/core";
export const AppHome = class {
    constructor(hostRef) {
        __stencil_registerInstance(this, hostRef);
    }
    render() {
        return (h("div", { class: 'app-home', id: "home", ref: el => this.homepage = el, onTouchCancel: e => this.scroll(e) }, h("p", null, "Welcome to the Stencil App Starter. You can use this starter to build entire apps all with web components using Stencil! Check out our docs on ", h("a", { href: 'https://stenciljs.com' }, "stenciljs.com"), " to get started."), h("stencil-route-link", { url: '/profile/stencil' }, h("button", null, "Profile page")), h("h1", null, "Infinite Scroll, vanilla JS"), h("div", { id: "content" }, h("div", { class: "box1" }), h("div", { class: "box1" }), h("div", { class: "box1" }), h("div", { class: "box1" }), h("div", { class: "box1" }), h("div", { class: "box1" }), h("div", { class: "box1" }), h("div", { class: "box1" }), h("div", { class: "box1" }), h("div", { class: "box1" }), h("div", { class: "box1" }), h("div", { class: "box1" }), h("div", { id: "loader", class: "active" }, "LOADING..."))));
    }
    componentDidLoad() {
        this.homepage.addEventListener('scroll', () => { console.log("scroll"); });
    }
    scroll(e) {
        console.log(e);
        var y = window.scrollY;
        var y2 = window.pageYOffset;
        var y3 = window.innerHeight;
        var y4 = document.documentElement.clientHeight;
        console.log(y, y2, y3, y4);
    }
    static get style() { return "STYLE_TEXT_PLACEHOLDER:app-home"; }
};
