import { registerInstance as __stencil_registerInstance } from "@stencil/core";
import { h } from "@stencil/core";
import { MusicPlayer, PowerOn, PowerOff, Playing, Paused } from '../../global/State/MusicPlayer';
export const StatePattern = class {
    constructor(hostRef) {
        __stencil_registerInstance(this, hostRef);
        this.musicPlayer = new MusicPlayer();
    }
    render() {
        return (h("div", null, h("h3", null, "State Pattern"), h("h5", null, "Music Player"), h("button", { class: this.powerOn ? "btn-large" : "btn-large red", onClick: () => this.pressedPower() }, h("i", { class: "material-icons" }, "power_settings_new")), h("button", { class: "btn-large", onClick: () => this.pressedPlay() }, h("i", { class: "material-icons" }, "play_arrow")), h("button", { class: "btn-large", onClick: () => this.pressedPause() }, h("i", { class: "material-icons" }, "pause")), h("div", { ref: el => this.result = el })));
    }
    pressedPower() {
        const state = this.musicPlayer.getState;
        this.powerOn = state.pressedPower();
        this.powerOn ? this.musicPlayer.setState = new PowerOn() : this.musicPlayer.setState = new PowerOff();
    }
    pressedPlay() {
        const state = this.musicPlayer.getState;
        this.result.innerHTML = state.pressedPlay();
        this.powerOn ? this.musicPlayer.setState = new Playing() : '';
    }
    pressedPause() {
        const state = this.musicPlayer.getState;
        this.result.innerHTML = state.pressedPause();
        this.powerOn ? this.musicPlayer.setState = new Paused() : '';
    }
    componentDidLoad() {
        this.musicPlayer.setState = new PowerOff();
    }
    static get style() { return "STYLE_TEXT_PLACEHOLDER:app-state"; }
};
