import { registerInstance as __stencil_registerInstance } from "@stencil/core";
import { h } from "@stencil/core";
export const AppHome = class {
    constructor(hostRef) {
        __stencil_registerInstance(this, hostRef);
    }
    render() {
        return (h("div", { class: 'app-home', id: "home", ref: el => this.homepage = el, onTouchMove: e => this.scroll(e) }, h("p", null, "Welcome to the Stencil App Starter. You can use this starter to build entire apps all with web components using Stencil! Check out our docs on ", h("a", { href: 'https://stenciljs.com' }, "stenciljs.com"), " to get started."), h("stencil-route-link", { url: '/profile/stencil' }, h("button", null, "Profile page")), h("h1", null, "Infinite Scroll, vanilla JS"), h("div", { id: "content" }, h("div", { class: "box1" }), h("div", { class: "box1" }), h("div", { class: "box1" }), h("div", { class: "box1" }), h("div", { class: "box1" }), h("div", { class: "box1" }), h("div", { class: "box1" }), h("div", { class: "box1" }), h("div", { class: "box1" }), h("div", { class: "box1" }), h("div", { class: "box1" }), h("div", { class: "box1" }), h("div", { id: "addContents", ref: el => this.addContents = el }), h("div", { id: "loader", class: "active" }, "LOADING..."))));
    }
    componentDidLoad() {
        // this.homepage.addEventListener('scroll', ()=>{ console.log("scroll")})
    }
    scroll(e) {
        if ((window.innerHeight + window.scrollY) >= document.body.offsetHeight) {
            // you're at the bottom of the page
            console.log("you're at the bottom of the page");
            debugger;
            let html = document.querySelector("#addContents").innerHTML;
            html += `<div class="box1"></div>
      <div class="box1"></div>
      <div class="box1"></div>
      <div class="box1"></div>
      <div class="box1"></div>
      <div class="box1"></div>
      <div class="box1"></div>
      <div class="box1"></div>
      <div class="box1"></div>
      <div class="box1"></div>
      <div class="box1"></div>
      <div class="box1"></div>`;
            console.log(e);
        }
        // console.log(e);
        // var y = window.scrollY;
        // var y2 = window.pageYOffset;
        // var y3 = window.innerHeight;
        // var y4 = document.documentElement.clientHeight
        // var y5 = document.body.offsetHeight;
        // console.log(y, y2, y3, y4, y5);
    }
    static get style() { return "STYLE_TEXT_PLACEHOLDER:app-home"; }
};
