import { registerInstance as __stencil_registerInstance } from "@stencil/core";
import { Host, h } from "@stencil/core";
import { SingletonObject } from '../../global/Singleton/Singleton';
export const Singleton = class {
    constructor(hostRef) {
        __stencil_registerInstance(this, hostRef);
        this.singletonOne = SingletonObject.getInstance();
        this.singletonTwo = SingletonObject.getInstance();
    }
    render() {
        return (h(Host, null, h("slot", null)));
    }
    componentDidLoad() {
        this.singletonOne.setNumber(5);
        console.log("SingletonOne: ", this.singletonOne.getNumber());
        console.log("SingletonTwo: ", this.singletonTwo.getNumber());
        this.singletonTwo.setNumber(99);
        console.log("SingletonOne: ", this.singletonOne.getNumber());
        console.log("SingletonTwo: ", this.singletonTwo.getNumber());
    }
    static get style() { return "STYLE_TEXT_PLACEHOLDER:app-singleton"; }
};
