import { registerInstance as __stencil_registerInstance } from "@stencil/core";
import { h } from "@stencil/core";
import { Package } from '../../global/Strategy/Package';
import { Shipping } from '../../global/Strategy/Shipping';
import { Fedex, UPS, USPS } from '../../global/Strategy/Companies';
export const Strategy = class {
    constructor(hostRef) {
        __stencil_registerInstance(this, hostRef);
    }
    render() {
        return (h("div", { class: "margin20" }, h("button", { class: "btn", onClick: _ => this.calculate() }, "CALCULATE SHIPPING COST"), h("div", { ref: el => this.result = el })));
    }
    calculate() {
        const thePackage = new Package("Colorado", "Texas", 1.56);
        const shipping = new Shipping();
        shipping.setStrategy(new Fedex());
        this.result.innerHTML += "Fedex: " + shipping.calculate(thePackage) + "<br/>";
        shipping.setStrategy(new UPS());
        this.result.innerHTML += "UPS: " + shipping.calculate(thePackage) + "<br/>";
        shipping.setStrategy(new USPS());
        this.result.innerHTML += "USPS: " + shipping.calculate(thePackage) + "<br/>";
    }
    static get style() { return "STYLE_TEXT_PLACEHOLDER:app-strategy"; }
};
