import { registerInstance as __stencil_registerInstance } from "@stencil/core";
import { h } from "@stencil/core";
import { UserDBService, ShoppingService } from '../../global/Command/Receiver';
import { AddUserCommand, GetUserCommand, ShopSellCommand, ShopBuyCommand, SaveCartCommand } from '../../global/Command/ConcreteCommand';
import { Button } from '../../global/Command/Invoker';
import { CreateTicketCommand, CreateAddressCommand, CloseTicketCommand } from '../../global/Command/Composite Command/CLCommands';
import { CommandService } from '../../global/Command/Composite Command/CLCommandService';
import { CommandManager } from '../../global/Command/Composite Command/ComandManager';
import { CanvasHistory } from '../../global/Command/Undoable Command/CanvasHistory';
import { CanvasDocument } from '../../global/Command/Undoable Command/CanvasDocument';
import { DrawCircleCommand, DrawLineCommand, PaintRedCommand, PaintBlueCommand } from '../../global/Command/Undoable Command/UndoableConcreteCommand';
import { UndoCommand } from '../../global/Command/Undoable Command/UndoCommand';
export const Command = class {
    constructor(hostRef) {
        __stencil_registerInstance(this, hostRef);
        this.userDBService = new UserDBService(); // Receiver
        this.shoppingService = new ShoppingService(); // Receiver
        this.button = new Button(); // Invoker
        this.canvasHistory = new CanvasHistory();
        this.doc = new CanvasDocument();
        // **** Example 3
        this.CLService = new CommandService(); // Receiver
        this.CommandManager = new CommandManager(); // Invoker
    }
    render() {
        return (h("div", { class: "margin20" }, h("h3", null, "Command Pattern"), h("h6", { class: "grayHint" }, "- Turns a request into an object and execute any operation such as delay, queue or undo."), h("h6", { class: "grayHint" }, "- \uC694\uCCAD\uC744 \uD558\uB098\uC758 \uAC1D\uCCB4\uB85C \uB9CC\uB4E4\uC5B4 \uC800\uC7A5\uD55C \uB2E4\uC74C \uC5EC\uB7EC\uAC00\uC9C0 \uC694\uCCAD\uC744 \uC2E4\uD589, \uC9C0\uC5F0, \uC21C\uC11C\uB300\uB85C \uC2E4\uD589, \uC2E4\uD589 \uCDE8\uC18C \uB4F1\uC758 \uC791\uC5C5\uC744 \uD560 \uC218 \uC788\uB2E4."), h("h5", null, "Example 1) User DB Service & Shopping Service"), h("button", { class: "btn margin20", onClick: _ => this.addUser() }, "Add User"), h("button", { class: "btn margin20", onClick: _ => this.getUser() }, "Get User Info"), h("input", { ref: el => this.items = el, type: "text", placeholder: "Type items you need to sell/buy/save." }), h("button", { class: "btn margin20 cyan", onClick: _ => this.sell() }, "Sell"), h("button", { class: "btn margin20 cyan", onClick: _ => this.buy() }, "Buy"), h("button", { class: "btn margin20 cyan", onClick: _ => this.saveCart() }, "Save Cart"), h("h5", null, "Example 2) Canvas Editor - Undo Mechanism"), h("button", { class: "btn margin20 blue", onClick: _ => this.circle() }, "Draw a circle"), h("button", { class: "btn margin20 blue", onClick: _ => this.line() }, "Draw a line"), h("button", { class: "btn margin20 blue", onClick: _ => this.red() }, "Paint red"), h("button", { class: "btn margin20 blue", onClick: _ => this.blue() }, "Paint blue"), h("button", { class: "btn margin20 red", onClick: _ => this.undo() }, "Undo"), h("div", { class: "resultDiv margin20" }, h("h6", null, "** Canvas **"), this.currentCanvas), h("h5", null, "Example 3) Add command and execute all commands at once"), h("button", { class: "btn margin20", onClick: _ => this.createTicket() }, "Create ticket"), h("button", { class: "btn margin20", onClick: _ => this.createAddress() }, "Create address"), h("button", { class: "btn margin20", onClick: _ => this.closeTicket() }, "Close ticket"), h("button", { class: "btn margin20 teal accent-2 black-text", onClick: _ => this.executeAll() }, "Execute Commands")));
    }
    addUser() {
        const command = new AddUserCommand(this.userDBService); // Concrete Command
        this.button.executeCommand(command);
        console.log(this.button.getCommands);
    }
    getUser() {
        const command = new GetUserCommand(this.userDBService); // Concrete Command
        this.button.executeCommand(command);
        console.log(this.button.getCommands);
    }
    sell() {
        const command = new ShopSellCommand(this.shoppingService); // Concrete Command
        this.button.executeCommand(command, this.items.value);
        console.log(this.button.getCommands);
    }
    buy() {
        const command = new ShopBuyCommand(this.shoppingService); // Concrete Command
        this.button.executeCommand(command, this.items.value);
        console.log(this.button.getCommands);
    }
    saveCart() {
        const command = new SaveCartCommand(this.shoppingService); // Concrete Command
        this.button.executeCommand(command, this.items.value);
        console.log(this.button.getCommands);
    }
    circle() {
        const command = new DrawCircleCommand(this.doc, this.canvasHistory);
        command.execute();
        this.updateCanvasCommand();
    }
    line() {
        const command = new DrawLineCommand(this.doc, this.canvasHistory);
        command.execute();
        this.updateCanvasCommand();
    }
    red() {
        const command = new PaintRedCommand(this.doc, this.canvasHistory);
        command.execute();
        this.updateCanvasCommand();
    }
    blue() {
        const command = new PaintBlueCommand(this.doc, this.canvasHistory);
        command.execute();
        this.updateCanvasCommand();
    }
    undo() {
        const undoCommand = new UndoCommand(this.canvasHistory);
        undoCommand.execute();
        this.updateCanvasCommand();
    }
    updateCanvasCommand() {
        this.currentCanvas = this.doc.getContent;
    }
    createTicket() {
        const cmd = new CreateTicketCommand(this.CLService, { id: "ticket1" });
        this.CommandManager.add(cmd);
    }
    closeTicket() {
        const cmd = new CloseTicketCommand(this.CLService, { id: "ticket2" });
        this.CommandManager.add(cmd);
    }
    createAddress() {
        const cmd = new CreateAddressCommand(this.CLService, { id: "address1" });
        this.CommandManager.add(cmd);
    }
    executeAll() {
        this.CommandManager.executeCommand();
    }
    static get style() { return "STYLE_TEXT_PLACEHOLDER:app-command"; }
};
