header {
  background: #5851ff;
  color: white;
  height: -webkit-fit-content;
  height: -moz-fit-content;
  height: fit-content;
  display: -ms-flexbox !important;
  display: flex !important;
  -ms-flex-align: center;
  align-items: center;
  -ms-flex-pack: center;
  justify-content: center;
  -webkit-box-shadow: 0 2px 5px 0 rgba(0, 0, 0, 0.26);
  box-shadow: 0 2px 5px 0 rgba(0, 0, 0, 0.26);
}

header h1 {
  font-size: 2.0rem;
  font-weight: 500;
  color: #fff;
  padding: 0 12px;
  margin: 20px !important;
}