System.register(['./p-70e1058c.system.js'], function (exports) {
    'use strict';
    var registerInstance, h;
    return {
        setters: [function (module) {
                registerInstance = module.r;
                h = module.h;
            }],
        execute: function () {
            var EditorState = /** @class */ (function () {
                function EditorState(content) {
                    this.content = content;
                }
                Object.defineProperty(EditorState.prototype, "getContent", {
                    get: function () {
                        return this.content;
                    },
                    enumerable: true,
                    configurable: true
                });
                return EditorState;
            }());
            var Editor = /** @class */ (function () {
                function Editor() {
                }
                Editor.prototype.createState = function () {
                    return new EditorState(this.content);
                };
                Editor.prototype.restore = function (state) {
                    this.content = state.getContent;
                };
                Object.defineProperty(Editor.prototype, "getContent", {
                    get: function () {
                        return this.content;
                    },
                    enumerable: true,
                    configurable: true
                });
                Object.defineProperty(Editor.prototype, "setContent", {
                    set: function (content) {
                        this.content = content;
                    },
                    enumerable: true,
                    configurable: true
                });
                return Editor;
            }());
            var EditorHistory = /** @class */ (function () {
                function EditorHistory() {
                    this.states = [];
                }
                EditorHistory.prototype.push = function (state) {
                    this.states.push(state);
                };
                EditorHistory.prototype.pop = function () {
                    return this.states.pop();
                };
                return EditorHistory;
            }());
            var Memento = exports('app_memento', /** @class */ (function () {
                function class_1(hostRef) {
                    registerInstance(this, hostRef);
                    this.editor = new Editor();
                    this.history = new EditorHistory();
                }
                class_1.prototype.render = function () {
                    var _this = this;
                    return (h("div", { class: "margin20" }, h("h3", null, "Memento Pattern"), h("h6", { class: "grayHint" }, "- Memento Pattern implements ", h("span", { class: "blueHint" }, "'undo'"), " mechanisms."), h("h6", { class: "grayHint" }, "- \uBA54\uBA58\uD1A0 \uD398\uD134\uC740 ", h("span", { class: "blueHint" }, "'\uC2E4\uD589 \uCDE8\uC18C'"), " \uBA54\uCEE4\uB2C8\uC998\uC744 \uC2E4\uD589\uD55C\uB2E4."), h("input", { placeholder: "Type something here and set content several times then click undo button.", ref: function (el) { return _this.userInput = el; } }), h("button", { class: "waves-effect waves-light btn-large margin20", onClick: function () { return _this.setContent(); } }, "Set Content"), h("button", { class: "waves-effect waves-light btn-large pink", onClick: function () { return _this.undo(); } }, "Undo"), h("div", { id: "mementoNote", ref: function (el) { return _this.editorResult = el; }, class: "resultDiv" }), h("pattern-photos", { uml: "memento-uml.png", imp: "memento-i.png", cl: "memento.png" })));
                };
                class_1.prototype.setContent = function () {
                    var state = this.editor.createState();
                    this.history.push(state);
                    this.editor.setContent = this.userInput.value;
                    console.log(this.history);
                    this.editorResult.innerHTML = this.userInput.value;
                    this.userInput.value = "";
                };
                class_1.prototype.undo = function () {
                    console.log(this.history.pop());
                    this.editor.restore(this.history.pop());
                    var previousContent = this.editor.getContent;
                    !previousContent
                        ? this.editorResult.innerHTML = ""
                        : this.editorResult.innerHTML = previousContent;
                };
                Object.defineProperty(class_1, "style", {
                    get: function () { return "STYLE_TEXT_PLACEHOLDER:app-memento"; },
                    enumerable: true,
                    configurable: true
                });
                return class_1;
            }()));
        }
    };
});
