var __extends = (this && this.__extends) || (function () {
    var extendStatics = function (d, b) {
        extendStatics = Object.setPrototypeOf ||
            ({ __proto__: [] } instanceof Array && function (d, b) { d.__proto__ = b; }) ||
            function (d, b) { for (var p in b) if (b.hasOwnProperty(p)) d[p] = b[p]; };
        return extendStatics(d, b);
    };
    return function (d, b) {
        extendStatics(d, b);
        function __() { this.constructor = d; }
        d.prototype = b === null ? Object.create(b) : (__.prototype = b.prototype, new __());
    };
})();
System.register(['./p-70e1058c.system.js'], function (exports) {
    'use strict';
    var registerInstance, h;
    return {
        setters: [function (module) {
                registerInstance = module.r;
                h = module.h;
            }],
        execute: function () {
            // Abstraction
            var RemoteControl = /** @class */ (function () {
                function RemoteControl(device) {
                    this.device = device;
                }
                RemoteControl.prototype.turnOn = function () {
                    this.device.turnOn();
                };
                RemoteControl.prototype.turnOff = function () {
                    this.device.turnOff();
                };
                return RemoteControl;
            }());
            var AdvancedRemoteControl = /** @class */ (function (_super) {
                __extends(AdvancedRemoteControl, _super);
                function AdvancedRemoteControl() {
                    return _super !== null && _super.apply(this, arguments) || this;
                }
                AdvancedRemoteControl.prototype.setChannel = function (number) {
                    this.device.setChannel(number);
                };
                return AdvancedRemoteControl;
            }(RemoteControl));
            var SamsungTV = /** @class */ (function () {
                function SamsungTV() {
                }
                SamsungTV.prototype.setChannel = function (number) {
                    alert("Samsung TV Channel " + number);
                };
                SamsungTV.prototype.turnOn = function () {
                    alert("Samsung TV turn on");
                };
                SamsungTV.prototype.turnOff = function () {
                    alert("Samsung TV turn off");
                };
                return SamsungTV;
            }());
            var LGTV = /** @class */ (function () {
                function LGTV() {
                }
                LGTV.prototype.setChannel = function (number) {
                    alert("LG TV Channel " + number);
                };
                LGTV.prototype.turnOn = function () {
                    alert("LG TV turn on");
                };
                LGTV.prototype.turnOff = function () {
                    alert("LG TV turn off");
                };
                return LGTV;
            }());
            var Bridge = exports('app_bridge', /** @class */ (function () {
                function class_1(hostRef) {
                    registerInstance(this, hostRef);
                    this.samsungRemoteControl = new AdvancedRemoteControl(new SamsungTV());
                    this.LGRemoteControl = new AdvancedRemoteControl(new LGTV());
                }
                class_1.prototype.render = function () {
                    var _this = this;
                    return (h("div", { class: "margin20" }, h("h3", null, "Bridge Pattern"), h("h6", { class: "grayHint" }, "- Allows spliting a large class into two separate hierarchies independntly "), h("h6", { class: "grayHint" }, "- \uC11C\uB85C \uC5F0\uAD00\uB41C \uD070 \uD074\uB798\uC2A4\uB97C 2\uAC1C\uC758 \uB3C5\uB9BD\uB41C \uC870\uC9C1\uC73C\uB85C \uB098\uB204\uC5B4 \uAC01\uAC01 \uB530\uB85C \uAD00\uB9AC\uD560 \uC218 \uC788\uB3C4\uB85D \uC124\uACC4\uD558\uB294 \uD328\uD134\uC774\uB2E4."), h("h5", { class: "margin20" }, "Remote Controllers"), h("div", null, "Samsung TV Remote Controller"), h("button", { class: "waves-effect waves-light btn-large margin20", onClick: function (_) { return _this.turnOnSamsungTV(); } }, "Turn On Samsung TV"), h("button", { class: "waves-effect waves-light btn-large margin20", onClick: function (_) { return _this.turnOffSamsungTV(); } }, "Turn Off Samsung TV"), h("button", { class: "waves-effect waves-light btn-large margin20", onClick: function (_) { return _this.setChannelSamsungTV(); } }, "Set Channel Samsung TV"), h("div", null, "LG TV Remote Controller"), h("button", { class: "waves-effect waves-light btn-large margin20", onClick: function (_) { return _this.turnOnLGTV(); } }, "Turn On LG TV"), h("button", { class: "waves-effect waves-light btn-large margin20", onClick: function (_) { return _this.turnOffLGTV(); } }, "Turn Off LG TV"), h("button", { class: "waves-effect waves-light btn-large margin20", onClick: function (_) { return _this.setChannelLGTV(); } }, "Set Channel LG TV"), h("pattern-photos", { uml: "bridge-uml.png", imp: "bridge-i.png", cl: "bridge-1.png", cl2: "bridge-2.png" })));
                };
                class_1.prototype.turnOnSamsungTV = function () {
                    this.samsungRemoteControl.turnOn();
                };
                class_1.prototype.turnOffSamsungTV = function () {
                    this.samsungRemoteControl.turnOff();
                };
                class_1.prototype.setChannelSamsungTV = function () {
                    this.samsungRemoteControl.setChannel(11);
                };
                class_1.prototype.turnOnLGTV = function () {
                    this.LGRemoteControl.turnOn();
                };
                class_1.prototype.turnOffLGTV = function () {
                    this.LGRemoteControl.turnOff();
                };
                class_1.prototype.setChannelLGTV = function () {
                    this.LGRemoteControl.setChannel(11);
                };
                Object.defineProperty(class_1, "style", {
                    get: function () { return "STYLE_TEXT_PLACEHOLDER:app-bridge"; },
                    enumerable: true,
                    configurable: true
                });
                return class_1;
            }()));
        }
    };
});
