System.register(['./p-70e1058c.system.js'], function (exports) {
    'use strict';
    var registerInstance, h, Host;
    return {
        setters: [function (module) {
                registerInstance = module.r;
                h = module.h;
                Host = module.H;
            }],
        execute: function () {
            var SingletonObject = /** @class */ (function () {
                function SingletonObject() {
                    this._number = 0;
                }
                SingletonObject.getInstance = function () {
                    if (!SingletonObject.INSTANCE) {
                        SingletonObject.INSTANCE = new SingletonObject();
                    }
                    return SingletonObject.INSTANCE;
                };
                SingletonObject.prototype.getNumber = function () {
                    return this._number;
                };
                SingletonObject.prototype.setNumber = function (n) {
                    this._number = n;
                };
                return SingletonObject;
            }());
            var Singleton = exports('app_singleton', /** @class */ (function () {
                function class_1(hostRef) {
                    registerInstance(this, hostRef);
                    this.singletonOne = SingletonObject.getInstance();
                    this.singletonTwo = SingletonObject.getInstance();
                }
                class_1.prototype.render = function () {
                    return (h(Host, null, h("slot", null)));
                };
                class_1.prototype.componentDidLoad = function () {
                    this.singletonOne.setNumber(5);
                    console.log("SingletonOne: ", this.singletonOne.getNumber());
                    console.log("SingletonTwo: ", this.singletonTwo.getNumber());
                    this.singletonTwo.setNumber(99);
                    console.log("SingletonOne: ", this.singletonOne.getNumber());
                    console.log("SingletonTwo: ", this.singletonTwo.getNumber());
                };
                Object.defineProperty(class_1, "style", {
                    get: function () { return "STYLE_TEXT_PLACEHOLDER:app-singleton"; },
                    enumerable: true,
                    configurable: true
                });
                return class_1;
            }()));
        }
    };
});
